<?xml version="1.0" encoding="UTF-8"?>
<!-- Generated by org.testng.reporters.JUnitReportReporter -->
<testsuite hostname="IT-QA" failures="0" tests="4" name="com.qe.qa.testcases.GetQuoteTest" time="20.698" errors="0" timestamp="2021-02-04T09:02:45 CST" skipped="2">
  <testcase classname="com.qe.qa.testcases.GetQuoteTest" name="getTitleHome" time="11.786"/>
  <system-out/>
  <testcase classname="com.qe.qa.testcases.GetQuoteTest" name="getTitleRateEngine" time="8.912"/>
  <system-out/>
  <testcase classname="com.qe.qa.testcases.GetQuoteTest" name="GetQuoteDl">
    <skipped/>
  </testcase> <!-- GetQuoteDl -->
  <system-out/>
  <testcase classname="com.qe.qa.testcases.GetQuoteTest" name="getQuoteManual">
    <skipped/>
  </testcase> <!-- getQuoteManual -->
  <system-out/>
</testsuite> <!-- com.qe.qa.testcases.GetQuoteTest -->
