<?xml version="1.0" encoding="UTF-8"?>
<!-- Generated by org.testng.reporters.JUnitReportReporter -->
<testsuite hostname="IT-QA" failures="0" tests="4" name="com.qe.qa.testcases.GetQuoteTest" time="37.271" errors="0" timestamp="2021-03-04T08:45:22 CST" skipped="3">
  <testcase classname="com.qe.qa.testcases.GetQuoteTest" name="GetQuoteDl" time="37.271"/>
  <system-out/>
  <testcase classname="com.qe.qa.testcases.GetQuoteTest" name="getTitleHome">
    <skipped/>
  </testcase> <!-- getTitleHome -->
  <system-out/>
  <testcase classname="com.qe.qa.testcases.GetQuoteTest" name="getQuoteManual">
    <skipped/>
  </testcase> <!-- getQuoteManual -->
  <system-out/>
  <testcase classname="com.qe.qa.testcases.GetQuoteTest" name="getTitleRateEngine">
    <skipped/>
  </testcase> <!-- getTitleRateEngine -->
  <system-out/>
</testsuite> <!-- com.qe.qa.testcases.GetQuoteTest -->
