<?xml version="1.0" encoding="UTF-8"?>
<!-- Generated by org.testng.reporters.JUnitReportReporter -->
<testsuite hostname="IT-QA" failures="0" tests="1" name="lmsquotes.lmsUpTest" time="15.034" errors="0" timestamp="07 Dec 2020 22:06:55 GMT" skipped="0">
  <testcase classname="lmsquotes.lmsUpTest" name="lmsLogIn" time="15.034"/>
</testsuite> <!-- lmsquotes.lmsUpTest -->
